<?xml version="1.0" encoding="UTF-8"?>
<!-- Generated by org.testng.reporters.JUnitReportReporter -->
<testsuite skipped="0" hostname="LAPTOP-U3NKPH9U" name="Test_Patch" tests="1" failures="0" timestamp="2023-01-04T01:32:27 EST" time="3.376" errors="0">
  <testcase name="test_patch" time="3.376" classname="Test_Patch"/>
  <system-out/>
</testsuite> <!-- Test_Patch -->
