<?xml version="1.0" encoding="UTF-8"?>
<!-- Generated by org.testng.reporters.JUnitReportReporter -->
<testsuite skipped="0" hostname="LAPTOP-U3NKPH9U" name="Test_Put" tests="1" failures="0" timestamp="2023-01-04T01:30:08 EST" time="3.149" errors="0">
  <testcase name="test_put" time="3.149" classname="Test_Put"/>
  <system-out/>
</testsuite> <!-- Test_Put -->
