<?xml version="1.0" encoding="UTF-8"?>
<!-- Generated by org.testng.reporters.JUnitReportReporter -->
<testsuite skipped="1" hostname="LAPTOP-U3NKPH9U" name="Test_Post" tests="2" failures="0" timestamp="2023-01-04T20:35:16 EST" time="3.425" errors="0">
  <testcase name="test_post" time="3.425" classname="Test_Post"/>
  <system-out/>
  <testcase name="test_post1" classname="Test_Post">
    <skipped/>
  </testcase> <!-- test_post1 -->
  <system-out/>
</testsuite> <!-- Test_Post -->
