<?xml version="1.0" encoding="UTF-8"?>
<!-- Generated by org.testng.reporters.JUnitReportReporter -->
<testsuite skipped="0" hostname="LAPTOP-U3NKPH9U" name="utils.ExcelUtilsTest" tests="1" failures="0" timestamp="2023-01-05T18:52:58 EST" time="54.004" errors="0">
  <testcase name="test_var1" time="54.004" classname="utils.ExcelUtilsTest"/>
  <system-out/>
</testsuite> <!-- utils.ExcelUtilsTest -->
