<?xml version="1.0" encoding="UTF-8"?>
<!-- Generated by org.testng.reporters.JUnitReportReporter -->
<testsuite skipped="0" hostname="LAPTOP-U3NKPH9U" name="Test_Delete" tests="1" failures="0" timestamp="2023-01-04T01:36:02 EST" time="3.162" errors="0">
  <testcase name="test_delete" time="3.162" classname="Test_Delete"/>
  <system-out/>
</testsuite> <!-- Test_Delete -->
