<?xml version="1.0" encoding="UTF-8"?>
<!-- Generated by org.testng.reporters.JUnitReportReporter -->
<testsuite skipped="0" hostname="LAPTOP-U3NKPH9U" name="test1_Get" tests="1" failures="0" timestamp="2023-01-04T00:53:36 EST" time="4.193" errors="0">
  <testcase name="test_01Get" time="4.193" classname="test1_Get"/>
  <system-out/>
</testsuite> <!-- test1_Get -->
