<?xml version="1.0" encoding="UTF-8"?>
<!-- Generated by org.testng.reporters.JUnitReportReporter -->
<testsuite skipped="0" hostname="LAPTOP-U3NKPH9U" name="Test01_Get" tests="2" failures="0" timestamp="2023-01-04T00:21:43 EST" time="4.354" errors="0">
  <testcase name="test_01" time="3.065" classname="Test01_Get"/>
  <system-out/>
  <testcase name="test_02" time="1.289" classname="Test01_Get"/>
  <system-out/>
</testsuite> <!-- Test01_Get -->
